<?xml version="1.0" encoding="UTF-8"?>
<!-- Generated by org.testng.reporters.JUnitXMLReporter -->
<testsuite ignored="0" hostname="LAPTOP-IKSOT8NF" failures="1" tests="1" name="Surefire test" time="1.567" errors="0" timestamp="2023-10-01T12:36:42 EDT">
  <testcase classname="com.testcases.testng.LoginTest" name="login" time="0.0">
    <failure type="java.lang.RuntimeException" message="java.lang.NullPointerException: Cannot invoke &amp;quot;org.apache.poi.xssf.usermodel.XSSFRow.getCell(int)&amp;quot; because &amp;quot;row&amp;quot; is null">
      <![CDATA[java.lang.RuntimeException: java.lang.NullPointerException: Cannot invoke "org.apache.poi.xssf.usermodel.XSSFRow.getCell(int)" because "row" is null
at java.base/java.util.ArrayList.forEach(ArrayList.java:1511)
Caused by: java.lang.NullPointerException: Cannot invoke "org.apache.poi.xssf.usermodel.XSSFRow.getCell(int)" because "row" is null
at com.exceldata.testng.ExcelData.ExcelData(ExcelData.java:40)
at com.exceldata.testng.ExcelData.Login(ExcelData.java:17)
... 30 more
... Removed 37 stack frames]]>
    </failure>
  </testcase> <!-- login -->
</testsuite> <!-- Surefire test -->
